[31m21/09/2021 16:50:08 - [error] : Can not Connect MongooseServerSelectionError: connect ECONNREFUSED 127.0.0.1:27027[39m
[31m21/09/2021 18:43:51 - [error] : Can not Connect MongooseServerSelectionError: connect ECONNREFUSED 127.0.0.1:27027[39m
[31m21/09/2021 18:53:43 - [error] : Can not Connect MongooseServerSelectionError: connect ECONNREFUSED 127.0.0.1:27027[39m
[31m21/09/2021 19:08:16 - [error] : Can not Connect MongooseServerSelectionError: connect ECONNREFUSED 127.0.0.1:27027[39m
[31m22/09/2021 00:49:03 - [error] : USER DATA SAVING  userSchema.save is not a function[39m
[31m22/09/2021 00:49:03 - [error] : unhandledRejection[39m
[31m22/09/2021 00:49:44 - [error] : USER DATA SAVING  userSchema.save is not a function[39m
[31m22/09/2021 00:49:44 - [error] : unhandledRejection createError is not defined[39m
[31m22/09/2021 00:50:05 - [error] : USER DATA SAVING  userSchema.save is not a function[39m
[31m22/09/2021 00:50:05 - [error] : unhandledRejection[39m
[31m22/09/2021 00:50:53 - [error] : USER DATA SAVING  userSchema.save is not a function[39m
[31m22/09/2021 00:50:53 - [error] : unhandledRejection createError is not defined[39m
[31m22/09/2021 00:51:40 - [error] : USER DATA SAVING  userSchema.save is not a function[39m
[31m22/09/2021 00:51:40 - [error] : unhandledRejection createError is not defined[39m
[31m22/09/2021 00:54:17 - [error] : USER DATA SAVING  userSchema.save is not a function[39m
[31m22/09/2021 00:54:17 - [error] : unhandledRejection createError is not defined[39m
[31m22/09/2021 00:59:21 - [error] : USER DATA SAVING  userSchema.save is not a constructor[39m
[31m22/09/2021 00:59:21 - [error] : UnhandledRejection createError is not defined[39m
[31m22/09/2021 01:15:47 - [error] : create Controller  Unexpected token o in JSON at position 1[39m
[31m22/09/2021 01:23:32 - [error] : UnhandledRejection mailerService.sendMail is not a function[39m
[31m22/09/2021 01:24:59 - [error] : UnhandledRejection Cannot read property 'sendMail' of undefined[39m
[31m22/09/2021 01:26:59 - [error] : UnhandledRejection Cannot read property 'sendMail' of undefined[39m
[31m22/09/2021 01:29:45 - [error] : UnhandledRejection Cannot read property 'sendMail' of undefined[39m
[31m22/09/2021 01:31:20 - [error] : UnhandledRejection[39m
[31m22/09/2021 01:32:10 - [error] : UnhandledRejection Cannot read property 'sendMail' of undefined[39m
[31m22/09/2021 01:32:20 - [error] : UnhandledRejection Cannot read property 'sendMail' of undefined[39m
[31m23/09/2021 13:21:41 - [error] : Can not Connect MongooseServerSelectionError: connect ECONNREFUSED 127.0.0.1:27027[39m
[31m23/09/2021 13:40:24 - [error] : Mailer  Connection timeout[39m
[31m23/09/2021 21:07:54 - [error] : Mailer  No recipients defined[39m
[31m23/09/2021 21:07:54 - [error] : Mailer  No recipients defined[39m
[31m24/09/2021 09:53:30 - [error] : Can not Connect MongooseServerSelectionError: connect ECONNREFUSED 127.0.0.1:27027[39m
[31m24/09/2021 09:55:54 - [error] : Mailer  No recipients defined[39m
[31m24/09/2021 14:30:32 - [error] : User Validation Error ValidationError: "name" length must be at least 3 characters long[39m
[31m24/09/2021 14:30:47 - [error] : User Validation Error ValidationError: "email" must be a valid email[39m
[31m24/09/2021 14:34:18 - [error] : User Validation Error ValidationError: "email" must be a valid email[39m
[31m24/09/2021 15:07:18 - [error] : User Validation Error ValidationError: "email" must be a valid email. "date" must be greater than "2021-09-24T09:37:17.964Z"[39m
[31m24/09/2021 15:16:39 - [error] : User Validation Error ValidationError: "email" must be a valid email. "date" must be greater than "2021-09-24T09:46:39.000Z"[39m
[31m24/09/2021 15:24:38 - [error] : User Validation Error ValidationError: "email" must be a valid email. "date" must be greater than "2021-09-24T09:54:38.855Z"[39m
[31m24/09/2021 15:31:25 - [error] : User Validation Error ValidationError: "email" must be a valid email. "date" must be greater than "2021-09-24T10:01:25.000Z"[39m
[31m24/09/2021 15:33:13 - [error] : User Validation Error ValidationError: "email" must be a valid email. "date" must be larger than or equal to "2021-09-24T10:03:13.000Z"[39m
[31m24/09/2021 15:34:04 - [error] : User Validation Error ValidationError: "email" must be a valid email[39m
[31m24/09/2021 16:57:47 - [error] : User Validation Error ValidationError: "email" must be a valid email. "date" must be greater than "2021-09-24T13:57:47.622Z"[39m
[31m24/09/2021 16:58:35 - [error] : User Validation Error ValidationError: "email" must be a valid email. "date" must be greater than "2021-09-24T15:28:35.263Z"[39m
[31m24/09/2021 16:59:13 - [error] : User Validation Error ValidationError: "email" must be a valid email. "date" must be greater than "2021-09-24T16:29:12.948Z"[39m
[31m24/09/2021 16:59:28 - [error] : User Validation Error ValidationError: "email" must be a valid email. "date" must be greater than "2021-09-24T16:59:28.897Z"[39m
[31m24/09/2021 16:59:56 - [error] : User Validation Error ValidationError: "email" must be a valid email. "date" must be greater than "2021-09-24T18:49:56.727Z"[39m
[31m24/09/2021 17:00:39 - [error] : User Validation Error ValidationError: "email" must be a valid email. "date" must be greater than "2021-09-24T16:00:39.188Z"[39m
[31m24/09/2021 17:03:46 - [error] : User Validation Error ValidationError: "email" must be a valid email[39m
[31m24/09/2021 17:03:53 - [error] : User Validation Error ValidationError: "email" must be a valid email. "date" must be greater than "2021-09-24T11:33:53.347Z"[39m
[31m24/09/2021 17:04:33 - [error] : User Validation Error ValidationError: "date" must be greater than "2021-09-24T11:34:33.462Z"[39m
[31m24/09/2021 17:04:42 - [error] : User Validation Error ValidationError: "date" must be in ISO 8601 date format[39m
[31m24/09/2021 17:07:45 - [error] : User Validation Error ValidationError: "date" must be greater than "2021-09-24T11:37:45.464Z"[39m
